<?xml version="1.0" encoding="UTF-8"?>
<!-- Generated by org.testng.reporters.JUnitReportReporter -->
<testsuite skipped="0" hostname="NooNs-MacBook-Air.local" name="Run.Home_site" tests="2" failures="0" timestamp="2020-02-23T10:58:51 EST" time="7.005" errors="0">
  <testcase name="f" time="3.422" classname="Run.Home_site"/>
  <testcase name="f" time="3.583" classname="Run.Home_site"/>
</testsuite> <!-- Run.Home_site -->
