<?xml version="1.0" encoding="UTF-8"?>
<!-- Generated by org.testng.reporters.JUnitReportReporter -->
<testsuite skipped="0" hostname="NooNs-MacBook-Air.local" name="Run.DatasetofFacebook" tests="6" failures="0" timestamp="2020-02-23T12:46:58 EST" time="139.783" errors="0">
  <testcase name="f" time="27.498" classname="Run.DatasetofFacebook"/>
  <testcase name="f" time="15.907" classname="Run.DatasetofFacebook"/>
  <testcase name="f" time="13.355" classname="Run.DatasetofFacebook"/>
  <testcase name="f" time="53.778" classname="Run.DatasetofFacebook"/>
  <testcase name="f" time="13.711" classname="Run.DatasetofFacebook"/>
  <testcase name="f" time="15.534" classname="Run.DatasetofFacebook"/>
</testsuite> <!-- Run.DatasetofFacebook -->
